# JRE version: Java(TM) SE Runtime Environment (8.0_111-b14) (build 1.8.0_111-b14)
# Java VM: Java HotSpot(TM) 64-Bit Server VM (25.111-b14 mixed mode windows-amd64 compressed oops)
Heap:
 PSYoungGen      total 25088K, used 23208K [0x00000000f1580000, 0x00000000f2f80000, 0x0000000100000000)
  eden space 23552K, 92% used [0x00000000f1580000,0x00000000f2aae2d8,0x00000000f2c80000)
  from space 1536K, 98% used [0x00000000f2e00000,0x00000000f2f7c070,0x00000000f2f80000)
  to   space 1536K, 0% used [0x00000000f2c80000,0x00000000f2c80000,0x00000000f2e00000)
 ParOldGen       total 30208K, used 4030K [0x00000000d4000000, 0x00000000d5d80000, 0x00000000f1580000)
  object space 30208K, 13% used [0x00000000d4000000,0x00000000d43efaa0,0x00000000d5d80000)
 Metaspace       used 18964K, capacity 19934K, committed 20096K, reserved 1067008K
  class space    used 2669K, capacity 2890K, committed 2944K, reserved 1048576K
GC Heap History (4 events):
Event: 0.585 GC heap before
{Heap before GC invocations=1 (full 0):
 PSYoungGen      total 13312K, used 11776K [0x00000000f1580000, 0x00000000f2400000, 0x0000000100000000)
  eden space 11776K, 100% used [0x00000000f1580000,0x00000000f2100000,0x00000000f2100000)
  from space 1536K, 0% used [0x00000000f2280000,0x00000000f2280000,0x00000000f2400000)
  to   space 1536K, 0% used [0x00000000f2100000,0x00000000f2100000,0x00000000f2280000)
 ParOldGen       total 30208K, used 0K [0x00000000d4000000, 0x00000000d5d80000, 0x00000000f1580000)
  object space 30208K, 0% used [0x00000000d4000000,0x00000000d4000000,0x00000000d5d80000)
 Metaspace       used 7752K, capacity 8108K, committed 8320K, reserved 1056768K
  class space    used 961K, capacity 1073K, committed 1152K, reserved 1048576K
Event: 0.592 GC heap after
Heap after GC invocations=1 (full 0):
 PSYoungGen      total 13312K, used 1535K [0x00000000f1580000, 0x00000000f2f80000, 0x0000000100000000)
  eden space 11776K, 0% used [0x00000000f1580000,0x00000000f1580000,0x00000000f2100000)
  from space 1536K, 99% used [0x00000000f2100000,0x00000000f227fc50,0x00000000f2280000)
  to   space 1536K, 0% used [0x00000000f2e00000,0x00000000f2e00000,0x00000000f2f80000)
 ParOldGen       total 30208K, used 448K [0x00000000d4000000, 0x00000000d5d80000, 0x00000000f1580000)
  object space 30208K, 1% used [0x00000000d4000000,0x00000000d4070028,0x00000000d5d80000)
 Metaspace       used 7752K, capacity 8108K, committed 8320K, reserved 1056768K
  class space    used 961K, capacity 1073K, committed 1152K, reserved 1048576K
}
Event: 1.177 GC heap before
{Heap before GC invocations=2 (full 0):
 PSYoungGen      total 13312K, used 13311K [0x00000000f1580000, 0x00000000f2f80000, 0x0000000100000000)
  eden space 11776K, 100% used [0x00000000f1580000,0x00000000f2100000,0x00000000f2100000)
  from space 1536K, 99% used [0x00000000f2100000,0x00000000f227fc50,0x00000000f2280000)
  to   space 1536K, 0% used [0x00000000f2e00000,0x00000000f2e00000,0x00000000f2f80000)
 ParOldGen       total 30208K, used 448K [0x00000000d4000000, 0x00000000d5d80000, 0x00000000f1580000)
  object space 30208K, 1% used [0x00000000d4000000,0x00000000d4070028,0x00000000d5d80000)
 Metaspace       used 13244K, capacity 13588K, committed 13696K, reserved 1060864K
  class space    used 1703K, capacity 1829K, committed 1920K, reserved 1048576K
Event: 1.190 GC heap after
Heap after GC invocations=2 (full 0):
 PSYoungGen      total 25088K, used 1520K [0x00000000f1580000, 0x00000000f2f80000, 0x0000000100000000)
  eden space 23552K, 0% used [0x00000000f1580000,0x00000000f1580000,0x00000000f2c80000)
  from space 1536K, 98% used [0x00000000f2e00000,0x00000000f2f7c070,0x00000000f2f80000)
  to   space 1536K, 0% used [0x00000000f2c80000,0x00000000f2c80000,0x00000000f2e00000)
 ParOldGen       total 30208K, used 4030K [0x00000000d4000000, 0x00000000d5d80000, 0x00000000f1580000)
  object space 30208K, 13% used [0x00000000d4000000,0x00000000d43efaa0,0x00000000d5d80000)
 Metaspace       used 13244K, capacity 13588K, committed 13696K, reserved 1060864K
  class space    used 1703K, capacity 1829K, committed 1920K, reserved 1048576K
}

